{
  "stats": {
    "suites": 1,
    "tests": 7,
    "passes": 7,
    "pending": 0,
    "failures": 0,
    "start": "2023-05-28T22:51:25.607Z",
    "end": "2023-05-28T22:51:25.990Z",
    "duration": 383,
    "testsRegistered": 7,
    "passPercent": 100,
    "pendingPercent": 0,
    "other": 0,
    "hasOther": false,
    "skipped": 0,
    "hasSkipped": false
  },
  "results": [
    {
      "uuid": "c14ea150-7a2e-4b00-8a5d-4454c023e63c",
      "title": "",
      "fullFile": "cypress/e2e/produtos.cy.js",
      "file": "cypress/e2e/produtos.cy.js",
      "beforeHooks": [],
      "afterHooks": [],
      "tests": [],
      "suites": [
        {
          "uuid": "a3b8cc05-73fd-4b46-9b47-a227e5d94c42",
          "title": "Teste da Funcionalidade Produtos",
          "fullFile": "",
          "file": "",
          "beforeHooks": [],
          "afterHooks": [],
          "tests": [
            {
              "title": "Deve validar contrato de produtos",
              "fullTitle": "Teste da Funcionalidade Produtos Deve validar contrato de produtos",
              "timedOut": null,
              "duration": 89,
              "state": "passed",
              "speed": "fast",
              "pass": true,
              "fail": false,
              "pending": false,
              "context": null,
              "code": "cy.request('produtos').then(response => {\n  return _produtos.default.validateAsync(response.body);\n});",
              "err": {},
              "uuid": "e3c6132a-eabe-45a8-95f1-3dec52591997",
              "parentUUID": "a3b8cc05-73fd-4b46-9b47-a227e5d94c42",
              "isHook": false,
              "skipped": false
            },
            {
              "title": "Listar produtos",
              "fullTitle": "Teste da Funcionalidade Produtos Listar produtos",
              "timedOut": null,
              "duration": 46,
              "state": "passed",
              "speed": "fast",
              "pass": true,
              "fail": false,
              "pending": false,
              "context": null,
              "code": "cy.request({\n  method: 'GET',\n  url: 'produtos'\n}).then(response => {\n  expect(response.status).to.equal(200);\n  expect(response.body).to.have.property('produtos');\n  expect(response.duration).to.be.lessThan(15);\n});",
              "err": {},
              "uuid": "188e0107-272d-4a2c-a319-dfd3cda3eace",
              "parentUUID": "a3b8cc05-73fd-4b46-9b47-a227e5d94c42",
              "isHook": false,
              "skipped": false
            },
            {
              "title": "Cadastrar produto",
              "fullTitle": "Teste da Funcionalidade Produtos Cadastrar produto",
              "timedOut": null,
              "duration": 38,
              "state": "passed",
              "speed": "fast",
              "pass": true,
              "fail": false,
              "pending": false,
              "context": null,
              "code": "let produto = `Produto EBAC ${Math.floor(Math.random() * 10000)}`;\ncy.request({\n  method: 'POST',\n  url: 'produtos',\n  headers: {\n    authorization: token\n  },\n  body: {\n    \"nome\": produto,\n    \"preco\": 200,\n    \"descricao\": \"Produto novo\",\n    \"quantidade\": 100\n  }\n}).then(response => {\n  expect(response.status).to.equal(201);\n  expect(response.body.message).to.equal('Cadastro realizado com sucesso');\n});",
              "err": {},
              "uuid": "b5250e15-3978-4491-9a05-b7cf800661bf",
              "parentUUID": "a3b8cc05-73fd-4b46-9b47-a227e5d94c42",
              "isHook": false,
              "skipped": false
            },
            {
              "title": "Deve validar mensagem de erro ao cadastrar produto repetido",
              "fullTitle": "Teste da Funcionalidade Produtos Deve validar mensagem de erro ao cadastrar produto repetido",
              "timedOut": null,
              "duration": 37,
              "state": "passed",
              "speed": "fast",
              "pass": true,
              "fail": false,
              "pending": false,
              "context": null,
              "code": "cy.cadastrarProduto(token, \"Produto EBAC Novo 1\", 250, \"Descrição do produto novo\", 180).then(response => {\n  expect(response.status).to.equal(400);\n  expect(response.body.message).to.equal('Já existe produto com esse nome');\n});",
              "err": {},
              "uuid": "e4d7dc12-3199-4774-a24d-3ced855b2f64",
              "parentUUID": "a3b8cc05-73fd-4b46-9b47-a227e5d94c42",
              "isHook": false,
              "skipped": false
            },
            {
              "title": "Deve editar um produto já cadastrado",
              "fullTitle": "Teste da Funcionalidade Produtos Deve editar um produto já cadastrado",
              "timedOut": null,
              "duration": 50,
              "state": "passed",
              "speed": "fast",
              "pass": true,
              "fail": false,
              "pending": false,
              "context": null,
              "code": "let produto = `Produto EBAC ${Math.floor(Math.random() * 10000)}`;\ncy.request('produtos').then(response => {\n  let id = response.body.produtos[0]._id;\n  cy.request({\n    method: 'PUT',\n    url: `produtos/${id}`,\n    headers: {\n      authorization: token\n    },\n    body: {\n      \"nome\": produto,\n      \"preco\": \"200\",\n      \"descricao\": \"Produto editado\",\n      \"quantidade\": \"200\"\n    }\n  }).then(response => {\n    expect(response.body.message).to.equal('Registro alterado com sucesso');\n  });\n});",
              "err": {},
              "uuid": "9d973973-0b9e-42b6-a452-14c8edc9727f",
              "parentUUID": "a3b8cc05-73fd-4b46-9b47-a227e5d94c42",
              "isHook": false,
              "skipped": false
            },
            {
              "title": "Deve editar um produto cadastrado previamente",
              "fullTitle": "Teste da Funcionalidade Produtos Deve editar um produto cadastrado previamente",
              "timedOut": null,
              "duration": 44,
              "state": "passed",
              "speed": "fast",
              "pass": true,
              "fail": false,
              "pending": false,
              "context": null,
              "code": "let produto = `Produto EBAC ${Math.floor(Math.random() * 10000)}`;\ncy.cadastrarProduto(token, produto, 250, \"Descrição do produto novo\", 180).then(response => {\n  let id = response.body._id;\n  cy.request({\n    method: 'PUT',\n    url: `produtos/${id}`,\n    headers: {\n      authorization: token\n    },\n    body: {\n      \"nome\": produto,\n      \"preco\": \"200\",\n      \"descricao\": \"Produto editado\",\n      \"quantidade\": \"300\"\n    }\n  }).then(response => {\n    expect(response.body.message).to.equal('Registro alterado com sucesso');\n    expect(response.status).to.equal(200);\n  });\n});",
              "err": {},
              "uuid": "6c87f07f-d1a8-41a4-875a-024561643bbf",
              "parentUUID": "a3b8cc05-73fd-4b46-9b47-a227e5d94c42",
              "isHook": false,
              "skipped": false
            },
            {
              "title": "Deve deletar um produto cadastrado previamente",
              "fullTitle": "Teste da Funcionalidade Produtos Deve deletar um produto cadastrado previamente",
              "timedOut": null,
              "duration": 48,
              "state": "passed",
              "speed": "fast",
              "pass": true,
              "fail": false,
              "pending": false,
              "context": null,
              "code": "let produto = `Produto EBAC ${Math.floor(Math.random() * 10000)}`;\ncy.cadastrarProduto(token, produto, 250, \"Descrição do produto novo\", 180).then(response => {\n  let id = response.body._id;\n  cy.request({\n    method: 'DELETE',\n    url: `produtos/${id}`,\n    headers: {\n      authorization: token\n    }\n  }).then(response => {\n    expect(response.body.message).to.equal('Registro excluído com sucesso');\n    expect(response.status).to.equal(200);\n  });\n});",
              "err": {},
              "uuid": "3b57d308-263b-4790-a18d-36f22665fe40",
              "parentUUID": "a3b8cc05-73fd-4b46-9b47-a227e5d94c42",
              "isHook": false,
              "skipped": false
            }
          ],
          "suites": [],
          "passes": [
            "e3c6132a-eabe-45a8-95f1-3dec52591997",
            "188e0107-272d-4a2c-a319-dfd3cda3eace",
            "b5250e15-3978-4491-9a05-b7cf800661bf",
            "e4d7dc12-3199-4774-a24d-3ced855b2f64",
            "9d973973-0b9e-42b6-a452-14c8edc9727f",
            "6c87f07f-d1a8-41a4-875a-024561643bbf",
            "3b57d308-263b-4790-a18d-36f22665fe40"
          ],
          "failures": [],
          "pending": [],
          "skipped": [],
          "duration": 352,
          "root": false,
          "rootEmpty": false,
          "_timeout": 2000
        }
      ],
      "passes": [],
      "failures": [],
      "pending": [],
      "skipped": [],
      "duration": 0,
      "root": true,
      "rootEmpty": true,
      "_timeout": 2000
    }
  ],
  "meta": {
    "mocha": {
      "version": "7.0.1"
    },
    "mochawesome": {
      "options": {
        "quiet": false,
        "reportFilename": "mochawesome",
        "saveHtml": false,
        "saveJson": true,
        "consoleReporter": "spec",
        "useInlineDiffs": false,
        "code": true
      },
      "version": "7.1.3"
    },
    "marge": {
      "options": {
        "reportDir": "mochawesome-report",
        "overwrite": false,
        "html": false,
        "json": true
      },
      "version": "6.2.0"
    }
  }
}